6 100000 815102
14 MB 234 MB
6 200000 1614981
28 MB 465 MB
7 300000 2321815
43 MB 668 MB
7 400000 3062305
57 MB 881 MB
7 500000 3770403
72 MB 1085 MB
7 600000 4434067
86 MB 1277 MB
7 700000 5175148
100 MB 1490 MB
7 800000 5915912
115 MB 1703 MB
7 900000 6601034
129 MB 1901 MB
7 1000000 7356260
144 MB 2118 MB
8 1100000 7961933
158 MB 2293 MB
8 1200000 8513359
172 MB 2451 MB
8 1300000 9173136
187 MB 2641 MB
8 1400000 9871341
201 MB 2842 MB
8 1500000 10501150
216 MB 3024 MB
8 1600000 11202365
230 MB 3226 MB
8 1700000 11805879
244 MB 3400 MB
8 1800000 12519216
259 MB 3605 MB
8 1900000 13206420
273 MB 3803 MB
8 2000000 13842382
288 MB 3986 MB
8 2100000 14550442
302 MB 4190 MB
8 2200000 14922383
316 MB 4297 MB
8 2300000 15630281
331 MB 4501 MB
8 2400000 16276835
345 MB 4687 MB
8 2500000 16947916
360 MB 4880 MB
8 2600000 17669014
374 MB 5088 MB
8 2700000 18320008
388 MB 5276 MB
8 2800000 19040987
403 MB 5483 MB
8 2900000 19668904
417 MB 5664 MB
8 3000000 20386835
432 MB 5871 MB
8 3100000 20809112
446 MB 5993 MB
8 3200000 21525512
460 MB 6199 MB
8 3300000 22184754
475 MB 6389 MB
8 3400000 22877281
489 MB 6588 MB
8 3500000 23533288
504 MB 6777 MB
8 3600000 24254949
518 MB 6985 MB
8 3700000 24916774
532 MB 7176 MB
8 3800000 25622425
547 MB 7379 MB
9 3900000 25998913
561 MB 7487 MB
9 4000000 26641968
576 MB 7672 MB
9 4100000 27222382
590 MB 7840 MB
9 4200000 27881844
604 MB 8029 MB
9 4300000 28325740
619 MB 8157 MB
9 4400000 28939311
633 MB 8334 MB
9 4500000 29543678
648 MB 8508 MB
9 4600000 30174129
662 MB 8690 MB
9 4700000 30792124
676 MB 8868 MB
9 4800000 31400393
691 MB 9043 MB
9 4900000 32090219
705 MB 9241 MB
9 5000000 32673488
720 MB 9409 MB
9 5100000 33371395
734 MB 9610 MB
9 5200000 33766979
748 MB 9724 MB
9 5300000 34400120
763 MB 9907 MB
9 5400000 34998648
777 MB 10079 MB
9 5500000 35656653
792 MB 10269 MB
9 5600000 36269427
806 MB 10445 MB
9 5700000 36938601
820 MB 10638 MB
9 5800000 37558425
835 MB 10816 MB
9 5900000 38246607
849 MB 11015 MB
9 6000000 38662382
864 MB 11134 MB
9 6100000 39347352
878 MB 11332 MB
9 6200000 39964429
892 MB 11509 MB
9 6300000 40594022
907 MB 11691 MB
9 6400000 41245409
921 MB 11878 MB
9 6500000 41902428
936 MB 12067 MB
9 6600000 42457048
950 MB 12227 MB
9 6700000 43124662
964 MB 12419 MB
9 6800000 43530644
979 MB 12536 MB
9 6900000 44222383
993 MB 12736 MB
9 7000000 44855603
1008 MB 12918 MB
9 7100000 45497266
1022 MB 13103 MB
9 7200000 46141812
1036 MB 13288 MB
9 7300000 46756422
1051 MB 13465 MB
9 7400000 47406869
1065 MB 13653 MB
9 7500000 47770150
1080 MB 13757 MB
9 7600000 48401952
1094 MB 13939 MB
9 7700000 49022437
1108 MB 14118 MB
9 7800000 49696062
1123 MB 14312 MB
9 7900000 50323243
1137 MB 14493 MB
9 8000000 50936027
1152 MB 14669 MB
9 8100000 51631013
1166 MB 14869 MB
9 8200000 52059888
1180 MB 14993 MB
9 8300000 52730803
1195 MB 15186 MB
9 8400000 53352939
1209 MB 15365 MB
9 8500000 53885636
1224 MB 15519 MB
9 8600000 54553417
1238 MB 15711 MB
9 8700000 55182536
1252 MB 15892 MB
9 8800000 55799140
1267 MB 16070 MB
9 8900000 56494897
1281 MB 16270 MB
9 9000000 57141083
1296 MB 16456 MB
9 9100000 57609161
1310 MB 16591 MB
9 9200000 58259004
1324 MB 16778 MB
9 9300000 58939236
1339 MB 16974 MB
9 9400000 59592831
1353 MB 17162 MB
9 9500000 60214901
1368 MB 17341 MB
9 9600000 60842257
1382 MB 17522 MB
9 9700000 61301914
1396 MB 17654 MB
9 9800000 61991597
1411 MB 17853 MB
9 9900000 62638360
1425 MB 18039 MB
9 10000000 63285151
1440 MB 18226 MB
9 10100000 63945221
1454 MB 18416 MB
9 10200000 64584874
1468 MB 18600 MB
9 10300000 65018486
1483 MB 18725 MB
9 10400000 65667125
1497 MB 18912 MB
9 10500000 66281891
1512 MB 19089 MB
9 10600000 66962038
1526 MB 19285 MB
9 10700000 67594950
1540 MB 19467 MB
9 10800000 68187662
1555 MB 19638 MB
9 10900000 68731142
1569 MB 19794 MB
9 11000000 69393450
1584 MB 19985 MB
9 11100000 70058921
1598 MB 20176 MB
9 11200000 70687576
1612 MB 20358 MB
9 11300000 71284328
1627 MB 20529 MB
9 11400000 71874152
1641 MB 20699 MB
9 11500000 72513806
1656 MB 20883 MB
9 11600000 73072992
1670 MB 21045 MB
9 11700000 73738681
1684 MB 21236 MB
9 11800000 74391868
1699 MB 21424 MB
9 11900000 75031017
1713 MB 21608 MB
9 12000000 75683401
1728 MB 21796 MB
9 12100000 76195924
1742 MB 21944 MB
9 12200000 76849469
1756 MB 22132 MB
9 12300000 77529687
1771 MB 22328 MB
9 12400000 78125648
1785 MB 22500 MB
10 12500000 78568783
1800 MB 22627 MB
10 12600000 79104033
1814 MB 22781 MB
10 12700000 79607332
1828 MB 22926 MB
10 12800000 80098206
1843 MB 23068 MB
10 12900000 80667724
1857 MB 23232 MB
10 13000000 81178344
1872 MB 23379 MB
10 13100000 81716787
1886 MB 23534 MB
10 13200000 82227213
1900 MB 23681 MB
10 13300000 82535381
1915 MB 23770 MB
10 13400000 83076728
1929 MB 23926 MB
10 13500000 83585798
1944 MB 24072 MB
10 13600000 84151468
1958 MB 24235 MB
10 13700000 84624574
1972 MB 24371 MB
10 13800000 85188169
1987 MB 24534 MB
10 13900000 85703415
2001 MB 24682 MB
10 14000000 86011328
2016 MB 24771 MB
10 14100000 86518250
2030 MB 24917 MB
10 14200000 87055767
2044 MB 25072 MB
10 14300000 87543281
2059 MB 25212 MB
10 14400000 88050144
2073 MB 25358 MB
10 14500000 88613585
2088 MB 25520 MB
10 14600000 89140442
2102 MB 25672 MB
10 14700000 89657175
2116 MB 25821 MB
10 14800000 90050760
2131 MB 25934 MB
10 14900000 90559673
2145 MB 26081 MB
10 15000000 91136520
2160 MB 26247 MB
10 15100000 91540971
2174 MB 26363 MB
10 15200000 92036364
2188 MB 26506 MB
10 15300000 92552940
2203 MB 26655 MB
10 15400000 93109172
2217 MB 26815 MB
10 15500000 93641680
2232 MB 26968 MB
10 15600000 94194785
2246 MB 27128 MB
10 15700000 94573767
2260 MB 27237 MB
10 15800000 95167500
2275 MB 27408 MB
10 15900000 95711005
2289 MB 27564 MB
10 16000000 96243144
2304 MB 27718 MB
10 16100000 96804704
2318 MB 27879 MB
10 16200000 97335850
2332 MB 28032 MB
10 16300000 97721351
2347 MB 28143 MB
10 16400000 98270272
2361 MB 28301 MB
10 16500000 98852404
2376 MB 28469 MB
10 16600000 99387494
2390 MB 28623 MB
10 16700000 99908642
2404 MB 28773 MB
10 16800000 100248397
2419 MB 28871 MB
10 16900000 100772282
2433 MB 29022 MB
10 17000000 101277263
2448 MB 29167 MB
10 17100000 101805486
2462 MB 29319 MB
10 17200000 102324688
2476 MB 29469 MB
10 17300000 102906161
2491 MB 29636 MB
10 17400000 103267252
2505 MB 29740 MB
10 17500000 103766879
2520 MB 29884 MB
10 17600000 104306880
2534 MB 30040 MB
10 17700000 104855201
2548 MB 30198 MB
10 17800000 105409733
2563 MB 30358 MB
10 17900000 105807818
2577 MB 30472 MB
10 18000000 106326370
2592 MB 30621 MB
10 18100000 106813006
2606 MB 30762 MB
10 18200000 107386695
2620 MB 30927 MB
10 18300000 107933932
2635 MB 31084 MB
10 18400000 108475898
2649 MB 31241 MB
10 18500000 109027224
2664 MB 31399 MB
10 18600000 109448986
2678 MB 31521 MB
10 18700000 110003311
2692 MB 31680 MB
10 18800000 110583173
2707 MB 31847 MB
10 18900000 111129278
2721 MB 32005 MB
10 19000000 111645725
2736 MB 32153 MB
10 19100000 112031154
2750 MB 32264 MB
10 19200000 112553586
2764 MB 32415 MB
10 19300000 113093450
2779 MB 32570 MB
10 19400000 113663418
2793 MB 32735 MB
10 19500000 114191585
2808 MB 32887 MB
10 19600000 114770096
2822 MB 33053 MB
10 19700000 115146060
2836 MB 33162 MB
10 19800000 115695759
2851 MB 33320 MB
10 19900000 116106173
2865 MB 33438 MB
10 20000000 116636417
2880 MB 33591 MB
10 20100000 117177629
2894 MB 33747 MB
10 20200000 117749166
2908 MB 33911 MB
10 20300000 118304789
2923 MB 34071 MB
10 20400000 118685033
2937 MB 34181 MB
10 20500000 119237505
2952 MB 34340 MB
10 20600000 119770525
2966 MB 34493 MB
10 20700000 120294868
2980 MB 34644 MB
10 20800000 120803707
2995 MB 34791 MB
10 20900000 121176034
3009 MB 34898 MB
10 21000000 121756822
3024 MB 35065 MB
10 21100000 122290731
3038 MB 35219 MB
10 21200000 122804775
3052 MB 35367 MB
10 21300000 123316360
3067 MB 35515 MB
10 21400000 123684439
3081 MB 35621 MB
10 21500000 124208393
3096 MB 35772 MB
10 21600000 124753365
3110 MB 35928 MB
10 21700000 125302133
3124 MB 36087 MB
10 21800000 125898431
3139 MB 36258 MB
10 21900000 126268680
3153 MB 36365 MB
10 22000000 126839564
3168 MB 36529 MB
10 22100000 127404782
3182 MB 36692 MB
10 22200000 127947051
3196 MB 36848 MB
10 22300000 128366140
3211 MB 36969 MB
10 22400000 128910801
3225 MB 37126 MB
10 22500000 129339207
3240 MB 37249 MB
10 22600000 129917660
3254 MB 37416 MB
10 22700000 130463828
3268 MB 37573 MB
10 22800000 130937062
3283 MB 37709 MB
10 22900000 131345519
3297 MB 37827 MB
10 23000000 131898776
3312 MB 37986 MB
10 23100000 132450455
3326 MB 38145 MB
10 23200000 132936984
3340 MB 38285 MB
10 23300000 133326920
3355 MB 38398 MB
10 23400000 133847893
3369 MB 38548 MB
10 23500000 134308071
3384 MB 38680 MB
10 23600000 134840403
3398 MB 38834 MB
10 23700000 135376204
3412 MB 38988 MB
10 23800000 135912274
3427 MB 39142 MB
10 23900000 136348463
3441 MB 39268 MB
10 24000000 136851607
3456 MB 39413 MB
10 24100000 137422366
3470 MB 39577 MB
10 24200000 137955051
3484 MB 39731 MB
10 24300000 138407533
3499 MB 39861 MB
10 24400000 138921800
3513 MB 40009 MB
10 24500000 139519562
3528 MB 40181 MB
10 24600000 140035926
3542 MB 40330 MB
10 24700000 140540715
3556 MB 40475 MB
10 24800000 140960896
3571 MB 40596 MB
10 24900000 141501686
3585 MB 40752 MB
10 25000000 142026366
3600 MB 40903 MB
10 25100000 142557069
3614 MB 41056 MB
10 25200000 142878084
3628 MB 41148 MB
10 25300000 143410313
3643 MB 41302 MB
10 25400000 143944732
3657 MB 41456 MB
10 25500000 144465121
3672 MB 41605 MB
10 25600000 144850876
3686 MB 41717 MB
10 25700000 145391711
3700 MB 41872 MB
10 25800000 145900365
3715 MB 42019 MB
10 25900000 146436249
3729 MB 42173 MB
10 26000000 146807579
3744 MB 42280 MB
10 26100000 147331478
3758 MB 42431 MB
10 26200000 147879325
3772 MB 42589 MB
10 26300000 148314107
3787 MB 42714 MB
10 26400000 148842264
3801 MB 42866 MB
10 26500000 149385857
3816 MB 43023 MB
10 26600000 149832524
3830 MB 43151 MB
10 26700000 150386369
3844 MB 43311 MB
10 26800000 150870324
3859 MB 43450 MB
10 26900000 151420288
3873 MB 43609 MB
10 27000000 151946650
3888 MB 43760 MB
10 27100000 152369622
3902 MB 43882 MB
10 27200000 152900033
3916 MB 44035 MB
10 27300000 153456424
3931 MB 44195 MB
10 27400000 153835594
3945 MB 44304 MB
10 27500000 154378952
3960 MB 44461 MB
10 27600000 154841299
3974 MB 44594 MB
10 27700000 155372708
3988 MB 44747 MB
10 27800000 155920597
4003 MB 44905 MB
10 27900000 156449942
4017 MB 45057 MB
10 28000000 156862125
4032 MB 45176 MB
10 28100000 157373538
4046 MB 45323 MB
10 28200000 157946346
4060 MB 45488 MB
10 28300000 158492872
4075 MB 45645 MB
10 28400000 158868458
4089 MB 45754 MB
10 28500000 159439118
4104 MB 45918 MB
10 28600000 159936258
4118 MB 46061 MB
10 28700000 160370765
4132 MB 46186 MB
10 28800000 160902876
4147 MB 46340 MB
10 28900000 161302646
4161 MB 46455 MB
10 29000000 161841542
4176 MB 46610 MB
10 29100000 162387389
4190 MB 46767 MB
10 29200000 162935290
4204 MB 46925 MB
10 29300000 163331928
4219 MB 47039 MB
10 29400000 163879023
4233 MB 47197 MB
10 29500000 164411679
4248 MB 47350 MB
10 29600000 164806370
4262 MB 47464 MB
10 29700000 165285147
4276 MB 47602 MB
10 29800000 165835390
4291 MB 47760 MB
10 29900000 166243437
4305 MB 47878 MB
10 30000000 166780306
4320 MB 48032 MB
10 30100000 167308544
4334 MB 48184 MB
10 30200000 167755660
4348 MB 48313 MB
10 30300000 168257344
4363 MB 48458 MB
10 30400000 168724970
4377 MB 48592 MB
10 30500000 169283286
4392 MB 48753 MB
10 30600000 169720453
4406 MB 48879 MB
10 30700000 170272899
4420 MB 49038 MB
10 30800000 170738738
4435 MB 49172 MB
10 30900000 171256912
4449 MB 49321 MB
10 31000000 171778694
4464 MB 49472 MB
10 31100000 172158704
4478 MB 49581 MB
10 31200000 172697399
4492 MB 49736 MB
10 31300000 173214187
4507 MB 49885 MB
10 31400000 173568571
4521 MB 49987 MB
10 31500000 174108020
4536 MB 50143 MB
10 31600000 174551439
4550 MB 50270 MB
10 31700000 175110148
4564 MB 50431 MB
10 31800000 175559706
4579 MB 50561 MB
10 31900000 176020212
4593 MB 50693 MB
10 32000000 176580717
4608 MB 50855 MB
10 32100000 177064455
4622 MB 50994 MB
10 32200000 177469395
4636 MB 51111 MB
10 32300000 178008030
4651 MB 51266 MB
10 32400000 178521446
4665 MB 51414 MB
10 32500000 178868901
4680 MB 51514 MB
10 32600000 179375353
4694 MB 51660 MB
10 32700000 179897448
4708 MB 51810 MB
10 32800000 180268380
4723 MB 51917 MB
10 32900000 180764813
4737 MB 52060 MB
10 33000000 181193981
4752 MB 52183 MB
10 33100000 181643951
4766 MB 52313 MB
10 33200000 182166071
4780 MB 52463 MB
10 33300000 182662294
4795 MB 52606 MB
10 33400000 183083802
4809 MB 52728 MB
10 33500000 183587261
4824 MB 52873 MB
10 33600000 184114090
4838 MB 53024 MB
10 33700000 184505133
4852 MB 53137 MB
10 33800000 184947818
4867 MB 53264 MB
10 33900000 185468916
4881 MB 53415 MB
10 34000000 185904725
4896 MB 53540 MB
10 34100000 186413419
4910 MB 53687 MB
10 34200000 186797730
4924 MB 53797 MB
10 34300000 187353429
4939 MB 53957 MB
10 34400000 187793011
4953 MB 54084 MB
10 34500000 188307493
4968 MB 54232 MB
10 34600000 188708987
4982 MB 54348 MB
10 34700000 189164130
4996 MB 54479 MB
10 34800000 189669217
5011 MB 54624 MB
11 34900000 189860807
5025 MB 54679 MB
11 35000000 190117030
5040 MB 54753 MB
11 35100000 190385737
5054 MB 54831 MB
11 35200000 190679813
5068 MB 54915 MB
11 35300000 190943957
5083 MB 54991 MB
11 35400000 191243137
5097 MB 55078 MB
11 35500000 191387835
5112 MB 55119 MB
11 35600000 191664619
5126 MB 55199 MB
11 35700000 191871799
5140 MB 55259 MB
11 35800000 192128709
5155 MB 55333 MB
11 35900000 192389436
5169 MB 55408 MB
11 36000000 192675613
5184 MB 55490 MB
11 36100000 192946621
5198 MB 55568 MB
11 36200000 193086259
5212 MB 55608 MB
11 36300000 193379483
5227 MB 55693 MB
11 36400000 193645854
5241 MB 55770 MB
11 36500000 193897423
5256 MB 55842 MB
11 36600000 194159357
5270 MB 55917 MB
11 36700000 194302985
5284 MB 55959 MB
11 36800000 194611452
5299 MB 56048 MB
11 36900000 194875357
5313 MB 56124 MB
11 37000000 195122519
5328 MB 56195 MB
11 37100000 195380087
5342 MB 56269 MB
11 37200000 195499106
5356 MB 56303 MB
11 37300000 195741412
5371 MB 56373 MB
11 37400000 195999285
5385 MB 56447 MB
11 37500000 196268817
5400 MB 56525 MB
11 37600000 196576275
5414 MB 56613 MB
11 37700000 196687183
5428 MB 56645 MB
11 37800000 196964626
5443 MB 56725 MB
11 37900000 197243840
5457 MB 56806 MB
11 38000000 197502266
5472 MB 56880 MB
11 38100000 197663682
5486 MB 56927 MB
11 38200000 197943658
5500 MB 57007 MB
11 38300000 198149924
5515 MB 57067 MB
11 38400000 198447519
5529 MB 57152 MB
11 38500000 198719320
5544 MB 57231 MB
11 38600000 198935673
5558 MB 57293 MB
11 38700000 199100857
5572 MB 57341 MB
11 38800000 199370151
5587 MB 57418 MB
11 38900000 199639952
5601 MB 57496 MB
11 39000000 199867651
5616 MB 57561 MB
11 39100000 200010218
5630 MB 57602 MB
11 39200000 200258926
5644 MB 57674 MB
11 39300000 200462531
5659 MB 57733 MB
11 39400000 200718688
5673 MB 57806 MB
11 39500000 200981612
5688 MB 57882 MB
11 39600000 201230094
5702 MB 57954 MB
11 39700000 201397935
5716 MB 58002 MB
11 39800000 201637257
5731 MB 58071 MB
11 39900000 201921001
5745 MB 58153 MB
11 40000000 202167399
5760 MB 58224 MB
11 40100000 202367546
5774 MB 58281 MB
11 40200000 202612311
5788 MB 58352 MB
11 40300000 202922939
5803 MB 58441 MB
11 40400000 203167708
5817 MB 58512 MB
11 40500000 203402871
5832 MB 58580 MB
11 40600000 203562984
5846 MB 58626 MB
11 40700000 203826268
5860 MB 58701 MB
11 40800000 204071681
5875 MB 58772 MB
11 40900000 204332676
5889 MB 58847 MB
11 41000000 204405913
5904 MB 58868 MB
11 41100000 204660002
5918 MB 58942 MB
11 41200000 204918442
5932 MB 59016 MB
11 41300000 205182540
5947 MB 59092 MB
11 41400000 205323614
5961 MB 59133 MB
11 41500000 205579226
5976 MB 59206 MB
11 41600000 205829875
5990 MB 59279 MB
11 41700000 206090808
6004 MB 59354 MB
11 41800000 206207565
6019 MB 59387 MB
11 41900000 206438188
6033 MB 59454 MB
11 42000000 206706088
6048 MB 59531 MB
11 42100000 206865146
6062 MB 59577 MB
11 42200000 207113561
6076 MB 59648 MB
11 42300000 207361399
6091 MB 59720 MB
11 42400000 207545586
6105 MB 59773 MB
11 42500000 207813190
6120 MB 59850 MB
11 42600000 208033425
6134 MB 59913 MB
11 42700000 208290496
6148 MB 59987 MB
11 42800000 208528673
6163 MB 60056 MB
11 42900000 208685507
6177 MB 60101 MB
11 43000000 208935044
6192 MB 60173 MB
11 43100000 209196752
6206 MB 60248 MB
11 43200000 209311255
6220 MB 60281 MB
11 43300000 209585608
6235 MB 60360 MB
11 43400000 209777981
6249 MB 60416 MB
11 43500000 210026160
6264 MB 60487 MB
11 43600000 210300532
6278 MB 60566 MB
11 43700000 210542515
6292 MB 60636 MB
11 43800000 210685940
6307 MB 60677 MB
11 43900000 210927150
6321 MB 60747 MB
11 44000000 211204881
6336 MB 60827 MB
11 44100000 211462648
6350 MB 60901 MB
11 44200000 211579696
6364 MB 60934 MB
11 44300000 211859929
6379 MB 61015 MB
11 44400000 212094246
6393 MB 61083 MB
11 44500000 212260661
6408 MB 61131 MB
11 44600000 212513077
6422 MB 61203 MB
11 44700000 212652936
6436 MB 61244 MB
11 44800000 212906788
6451 MB 61317 MB
11 44900000 213164408
6465 MB 61391 MB
11 45000000 213422291
6480 MB 61465 MB
11 45100000 213541931
6494 MB 61500 MB
11 45200000 213800015
6508 MB 61574 MB
11 45300000 214044070
6523 MB 61644 MB
11 45400000 214173845
6537 MB 61682 MB
11 45500000 214373942
6552 MB 61739 MB
11 45600000 214634527
6566 MB 61814 MB
11 45700000 214776558
6580 MB 61855 MB
11 45800000 215027224
6595 MB 61927 MB
11 45900000 215267069
6609 MB 61996 MB
11 46000000 215446253
6624 MB 62048 MB
11 46100000 215659917
6638 MB 62110 MB
11 46200000 215838344
6652 MB 62161 MB
11 46300000 216088446
6667 MB 62233 MB
11 46400000 216238993
6681 MB 62276 MB
11 46500000 216484103
6696 MB 62347 MB
11 46600000 216670029
6710 MB 62400 MB
11 46700000 216900874
6724 MB 62467 MB
11 46800000 217131599
6739 MB 62533 MB
11 46900000 217244985
6753 MB 62566 MB
11 47000000 217484676
6768 MB 62635 MB
11 47100000 217715162
6782 MB 62701 MB
11 47200000 217800623
6796 MB 62726 MB
11 47300000 218028960
6811 MB 62792 MB
11 47400000 218191092
6825 MB 62839 MB
11 47500000 218456251
6840 MB 62915 MB
11 47600000 218611803
6854 MB 62960 MB
11 47700000 218779305
6868 MB 63008 MB
11 47800000 219045917
6883 MB 63085 MB
11 47900000 219237097
6897 MB 63140 MB
11 48000000 219362345
6912 MB 63176 MB
11 48100000 219598273
6926 MB 63244 MB
11 48200000 219819169
6940 MB 63307 MB
11 48300000 219895983
6955 MB 63330 MB
11 48400000 220102166
6969 MB 63389 MB
11 48500000 220352659
6984 MB 63461 MB
11 48600000 220458276
6998 MB 63491 MB
11 48700000 220665435
7012 MB 63551 MB
11 48800000 220821746
7027 MB 63596 MB
11 48900000 220988919
7041 MB 63644 MB
11 49000000 221212981
7056 MB 63709 MB
11 49100000 221419928
7070 MB 63768 MB
11 49200000 221545124
7084 MB 63804 MB
11 49300000 221748048
7099 MB 63863 MB
11 49400000 221976735
7113 MB 63929 MB
11 49500000 222081593
7128 MB 63959 MB
11 49600000 222238453
7142 MB 64004 MB
11 49700000 222456729
7156 MB 64067 MB
11 49800000 222605048
7171 MB 64110 MB
11 49900000 222812650
7185 MB 64170 MB
11 50000000 222909844
7200 MB 64198 MB
11 50100000 223164302
7214 MB 64271 MB
11 50200000 223306909
7228 MB 64312 MB
11 50300000 223515199
7243 MB 64372 MB
11 50400000 223624879
7257 MB 64403 MB
11 50500000 223782576
7272 MB 64449 MB
11 50600000 223982424
7286 MB 64506 MB
11 50700000 224117766
7300 MB 64545 MB
11 50800000 224296321
7315 MB 64597 MB
11 50900000 224514531
7329 MB 64660 MB
11 51000000 224625848
7344 MB 64692 MB
11 51100000 224829398
7358 MB 64750 MB
11 51200000 224943161
7372 MB 64783 MB
11 51300000 225159978
7387 MB 64846 MB
11 51400000 225364923
7401 MB 64905 MB
11 51500000 225552007
7416 MB 64958 MB
11 51600000 225659978
7430 MB 64990 MB
11 51700000 225852469
7444 MB 65045 MB
11 51800000 225903911
7459 MB 65060 MB
11 51900000 226099253
7473 MB 65116 MB
11 52000000 226299336
7488 MB 65174 MB
11 52100000 226368633
7502 MB 65194 MB
11 52200000 226527089
7516 MB 65239 MB
11 52300000 226618164
7531 MB 65266 MB
11 52400000 226800311
7545 MB 65318 MB
11 52500000 226914733
7560 MB 65351 MB
11 52600000 227079575
7574 MB 65398 MB
11 52700000 227168145
7588 MB 65424 MB
11 52800000 227354703
7603 MB 65478 MB
11 52900000 227534823
7617 MB 65530 MB
11 53000000 227622607
7632 MB 65555 MB
11 53100000 227777687
7646 MB 65599 MB
11 53200000 227857302
7660 MB 65622 MB
11 53300000 227996164
7675 MB 65662 MB
11 53400000 228192725
7689 MB 65719 MB
11 53500000 228245300
7704 MB 65734 MB
11 53600000 228423943
7718 MB 65786 MB
11 53700000 228477618
7732 MB 65801 MB
11 53800000 228681667
7747 MB 65860 MB
11 53900000 228778514
7761 MB 65888 MB
11 54000000 228945657
7776 MB 65936 MB
11 54100000 229014955
7790 MB 65956 MB
11 54200000 229176741
7804 MB 66002 MB
11 54300000 229242396
7819 MB 66021 MB
11 54400000 229407409
7833 MB 66069 MB
11 54500000 229488677
7848 MB 66092 MB
11 54600000 229617527
7862 MB 66129 MB
11 54700000 229693678
7876 MB 66151 MB
11 54800000 229773049
7891 MB 66174 MB
11 54900000 229905009
7905 MB 66212 MB
11 55000000 230070854
7920 MB 66260 MB
11 55100000 230177045
7934 MB 66290 MB
11 55200000 230243687
7948 MB 66310 MB
11 55300000 230420362
7963 MB 66361 MB
11 55400000 230464719
7977 MB 66373 MB
11 55500000 230599942
7992 MB 66412 MB
11 55600000 230616096
8006 MB 66417 MB
11 55700000 230733458
8020 MB 66451 MB
11 55800000 230819400
8035 MB 66475 MB
11 55900000 230913583
8049 MB 66503 MB
11 56000000 231030937
8064 MB 66536 MB
11 56100000 231061454
8078 MB 66545 MB
11 56200000 231189757
8092 MB 66582 MB
11 56300000 231207513
8107 MB 66587 MB
11 56400000 231200716
8121 MB 66585 MB
11 56500000 231230577
8136 MB 66594 MB
11 56600000 231347053
8150 MB 66627 MB
11 56700000 231450780
8164 MB 66657 MB
11 56800000 231471859
8179 MB 66663 MB
11 56900000 231479997
8193 MB 66666 MB
11 57000000 231609273
8208 MB 66703 MB
11 57100000 231668023
8222 MB 66720 MB
11 57200000 231724208
8236 MB 66736 MB
11 57300000 231754014
8251 MB 66745 MB
11 57400000 231814154
8265 MB 66762 MB
11 57500000 231813699
8280 MB 66762 MB
11 57600000 231856165
8294 MB 66774 MB
11 57700000 231896504
8308 MB 66786 MB
11 57800000 232023263
8323 MB 66822 MB
11 57900000 232031132
8337 MB 66824 MB
11 58000000 232022354
8352 MB 66822 MB
11 58100000 232086627
8366 MB 66840 MB
11 58200000 232156829
8380 MB 66861 MB
11 58300000 232214673
8395 MB 66877 MB
11 58400000 232200443
8409 MB 66873 MB
11 58500000 232292664
8424 MB 66900 MB
11 58600000 232240454
8438 MB 66885 MB
11 58700000 232271385
8452 MB 66894 MB
11 58800000 232325133
8467 MB 66909 MB
11 58900000 232304960
8481 MB 66903 MB
11 59000000 232287697
8496 MB 66898 MB
11 59100000 232360636
8510 MB 66919 MB
11 59200000 232352550
8524 MB 66917 MB
11 59300000 232361947
8539 MB 66920 MB
11 59400000 232328999
8553 MB 66910 MB
11 59500000 232302264
8568 MB 66903 MB
11 59600000 232371932
8582 MB 66923 MB
11 59700000 232345326
8596 MB 66915 MB
11 59800000 232281169
8611 MB 66896 MB
11 59900000 232237003
8625 MB 66884 MB
11 60000000 232211837
8640 MB 66877 MB
11 60100000 232210984
8654 MB 66876 MB
11 60200000 232145225
8668 MB 66857 MB
11 60300000 232097448
8683 MB 66844 MB
11 60400000 232087028
8697 MB 66841 MB
11 60500000 232099448
8712 MB 66844 MB
11 60600000 232051679
8726 MB 66830 MB
11 60700000 231933156
8740 MB 66796 MB
11 60800000 231842323
8755 MB 66770 MB
11 60900000 231806206
8769 MB 66760 MB
11 61000000 231701928
8784 MB 66730 MB
11 61100000 231619371
8798 MB 66706 MB
11 61200000 231510957
8812 MB 66675 MB
11 61300000 231460149
8827 MB 66660 MB
11 61400000 231264596
8841 MB 66604 MB
11 61500000 231182914
8856 MB 66580 MB
11 61600000 231095632
8870 MB 66555 MB
11 61700000 230886161
8884 MB 66495 MB
11 61800000 230724854
8899 MB 66448 MB
11 61900000 230625379
8913 MB 66420 MB
11 62000000 230498132
8928 MB 66383 MB
11 62100000 230336648
8942 MB 66336 MB
11 62200000 230103121
8956 MB 66269 MB
11 62300000 229959057
8971 MB 66228 MB
11 62400000 229754936
8985 MB 66169 MB
11 62500000 229506063
9000 MB 66097 MB
11 62600000 229371359
9014 MB 66058 MB
11 62700000 229191257
9028 MB 66007 MB
11 62800000 228941748
9043 MB 65935 MB
11 62900000 228738153
9057 MB 65876 MB
11 63000000 228524312
9072 MB 65815 MB
11 63100000 228254718
9086 MB 65737 MB
11 63200000 228010376
9100 MB 65666 MB
11 63300000 227811241
9115 MB 65609 MB
11 63400000 227452581
9129 MB 65506 MB
11 63500000 227169990
9144 MB 65424 MB
11 63600000 226894414
9158 MB 65345 MB
11 63700000 226572263
9172 MB 65252 MB
11 63800000 226250948
9187 MB 65160 MB
11 63900000 225951178
9201 MB 65073 MB
11 64000000 225624558
9216 MB 64979 MB
11 64100000 225259571
9230 MB 64874 MB
11 64200000 224835673
9244 MB 64752 MB
11 64300000 224423075
9259 MB 64633 MB
11 64400000 223999083
9273 MB 64511 MB
11 64500000 223524358
9288 MB 64375 MB
11 64600000 223012866
9302 MB 64227 MB
11 64700000 222524140
9316 MB 64086 MB
11 64800000 222026814
9331 MB 63943 MB
11 64900000 221637285
9345 MB 63831 MB
11 65000000 221101465
9360 MB 63677 MB
11 65100000 220509062
9374 MB 63506 MB
11 65200000 219880584
9388 MB 63325 MB
11 65300000 219334205
9403 MB 63168 MB
11 65400000 218737352
9417 MB 62996 MB
11 65500000 218094574
9432 MB 62811 MB
11 65600000 217434980
9446 MB 62621 MB
11 65700000 216673510
9460 MB 62401 MB
11 65800000 215957444
9475 MB 62195 MB
11 65900000 215135867
9489 MB 61959 MB
11 66000000 214313606
9504 MB 61722 MB
11 66100000 213423318
9518 MB 61465 MB
11 66200000 212492520
9532 MB 61197 MB
11 66300000 211589742
9547 MB 60937 MB
11 66400000 210556994
9561 MB 60640 MB
11 66500000 209563804
9576 MB 60354 MB
11 66600000 208517917
9590 MB 60053 MB
11 66700000 207348051
9604 MB 59716 MB
11 66800000 206068121
9619 MB 59347 MB
11 66900000 204695881
9633 MB 58952 MB
11 67000000 203366100
9648 MB 58569 MB
11 67100000 201835810
9662 MB 58128 MB
11 67200000 199967455
9676 MB 57590 MB
12 67300000 199388043
9691 MB 57423 MB
12 67400000 199231119
9705 MB 57378 MB
12 67500000 199124469
9720 MB 57347 MB
12 67600000 198941356
9734 MB 57295 MB
12 67700000 198834603
9748 MB 57264 MB
12 67800000 198709860
9763 MB 57228 MB
12 67900000 198527199
9777 MB 57175 MB
12 68000000 198394570
9792 MB 57137 MB
12 68100000 198280091
9806 MB 57104 MB
12 68200000 198068337
9820 MB 57043 MB
12 68300000 197928024
9835 MB 57003 MB
12 68400000 197705708
9849 MB 56939 MB
12 68500000 197576454
9864 MB 56902 MB
12 68600000 197435677
9878 MB 56861 MB
12 68700000 197218926
9892 MB 56799 MB
12 68800000 197079969
9907 MB 56759 MB
12 68900000 196862801
9921 MB 56696 MB
12 69000000 196726891
9936 MB 56657 MB
12 69100000 196541589
9950 MB 56603 MB
12 69200000 196403400
9964 MB 56564 MB
12 69300000 196224604
9979 MB 56512 MB
12 69400000 196057256
9993 MB 56464 MB
12 69500000 195889449
10008 MB 56416 MB
12 69600000 195674121
10022 MB 56354 MB
12 69700000 195514418
10036 MB 56308 MB
12 69800000 195285407
10051 MB 56242 MB
12 69900000 195108732
10065 MB 56191 MB
12 70000000 194970884
10080 MB 56151 MB
12 70100000 194739852
10094 MB 56085 MB
12 70200000 194580442
10108 MB 56039 MB
12 70300000 194429809
10123 MB 55995 MB
12 70400000 194216436
10137 MB 55934 MB
12 70500000 194019097
10152 MB 55877 MB
12 70600000 193868716
10166 MB 55834 MB
12 70700000 193659765
10180 MB 55774 MB
12 70800000 193491762
10195 MB 55725 MB
12 70900000 193259689
10209 MB 55658 MB
12 71000000 193092902
10224 MB 55610 MB
12 71100000 192859569
10238 MB 55543 MB
12 71200000 192670465
10252 MB 55489 MB
12 71300000 192467906
10267 MB 55430 MB
12 71400000 192285481
10281 MB 55378 MB
12 71500000 192106569
10296 MB 55326 MB
12 71600000 191900334
10310 MB 55267 MB
12 71700000 191698130
10324 MB 55209 MB
12 71800000 191492465
10339 MB 55149 MB
12 71900000 191305968
10353 MB 55096 MB
12 72000000 191074379
10368 MB 55029 MB
12 72100000 190889144
10382 MB 54976 MB
12 72200000 190627506
10396 MB 54900 MB
12 72300000 190417746
10411 MB 54840 MB
12 72400000 190218189
10425 MB 54782 MB
12 72500000 190001396
10440 MB 54720 MB
12 72600000 189802241
10454 MB 54663 MB
12 72700000 189559724
10468 MB 54593 MB
12 72800000 189350918
10483 MB 54533 MB
12 72900000 189066555
10497 MB 54451 MB
12 73000000 188802552
10512 MB 54375 MB
12 73100000 188597526
10526 MB 54316 MB
12 73200000 188329719
10540 MB 54238 MB
12 73300000 188139227
10555 MB 54184 MB
12 73400000 187866027
10569 MB 54105 MB
12 73500000 187653183
10584 MB 54044 MB
12 73600000 187391057
10598 MB 53968 MB
12 73700000 187156438
10612 MB 53901 MB
12 73800000 186897438
10627 MB 53826 MB
12 73900000 186638633
10641 MB 53751 MB
12 74000000 186386549
10656 MB 53679 MB
12 74100000 186112381
10670 MB 53600 MB
12 74200000 185858917
10684 MB 53527 MB
12 74300000 185605379
10699 MB 53454 MB
12 74400000 185408655
10713 MB 53397 MB
12 74500000 185151358
10728 MB 53323 MB
12 74600000 184951476
10742 MB 53266 MB
12 74700000 184654792
10756 MB 53180 MB
12 74800000 184422750
10771 MB 53113 MB
12 74900000 184179067
10785 MB 53043 MB
12 75000000 183955975
10800 MB 52979 MB
12 75100000 183670665
10814 MB 52897 MB
12 75200000 183380540
10828 MB 52813 MB
12 75300000 183123560
10843 MB 52739 MB
12 75400000 182880153
10857 MB 52669 MB
12 75500000 182589755
10872 MB 52585 MB
12 75600000 182291149
10886 MB 52499 MB
12 75700000 182044773
10900 MB 52428 MB
12 75800000 181731115
10915 MB 52338 MB
12 75900000 181455968
10929 MB 52259 MB
12 76000000 181125415
10944 MB 52164 MB
12 76100000 180887733
10958 MB 52095 MB
12 76200000 180591406
10972 MB 52010 MB
12 76300000 180289155
10987 MB 51923 MB
12 76400000 179947885
11001 MB 51824 MB
12 76500000 179596489
11016 MB 51723 MB
12 76600000 179300816
11030 MB 51638 MB
12 76700000 178988610
11044 MB 51548 MB
12 76800000 178683778
11059 MB 51460 MB
12 76900000 178393244
11073 MB 51377 MB
12 77000000 178056667
11088 MB 51280 MB
12 77100000 177743881
11102 MB 51190 MB
12 77200000 177399271
11116 MB 51090 MB
12 77300000 177052514
11131 MB 50991 MB
12 77400000 176719664
11145 MB 50895 MB
12 77500000 176401112
11160 MB 50803 MB
12 77600000 176003458
11174 MB 50688 MB
12 77700000 175640457
11188 MB 50584 MB
12 77800000 175285075
11203 MB 50482 MB
12 77900000 174962952
11217 MB 50389 MB
12 78000000 174611494
11232 MB 50288 MB
12 78100000 174217820
11246 MB 50174 MB
12 78200000 173877734
11260 MB 50076 MB
12 78300000 173495714
11275 MB 49966 MB
12 78400000 173046465
11289 MB 49837 MB
12 78500000 172665300
11304 MB 49727 MB
12 78600000 172277604
11318 MB 49615 MB
12 78700000 171853383
11332 MB 49493 MB
12 78800000 171395256
11347 MB 49361 MB
12 78900000 170981776
11361 MB 49242 MB
12 79000000 170530133
11376 MB 49112 MB
12 79100000 170053794
11390 MB 48975 MB
12 79200000 169646710
11404 MB 48858 MB
12 79300000 169209963
11419 MB 48732 MB
12 79400000 168779520
11433 MB 48608 MB
12 79500000 168327734
11448 MB 48478 MB
12 79600000 167855467
11462 MB 48342 MB
12 79700000 167316531
11476 MB 48187 MB
12 79800000 166860940
11491 MB 48055 MB
12 79900000 166346107
11505 MB 47907 MB
12 80000000 165784521
11520 MB 47745 MB
12 80100000 165298826
11534 MB 47606 MB
12 80200000 164773283
11548 MB 47454 MB
12 80300000 164303391
11563 MB 47319 MB
12 80400000 163713716
11577 MB 47149 MB
12 80500000 163218940
11592 MB 47007 MB
12 80600000 162638751
11606 MB 46839 MB
12 80700000 162080312
11620 MB 46679 MB
12 80800000 161485454
11635 MB 46507 MB
12 80900000 160883626
11649 MB 46334 MB
12 81000000 160224258
11664 MB 46144 MB
12 81100000 159599453
11678 MB 45964 MB
12 81200000 158921877
11692 MB 45769 MB
12 81300000 158271714
11707 MB 45582 MB
12 81400000 157612207
11721 MB 45392 MB
12 81500000 157035186
11736 MB 45226 MB
12 81600000 156395612
11750 MB 45041 MB
12 81700000 155733046
11764 MB 44851 MB
12 81800000 155047268
11779 MB 44653 MB
12 81900000 154346979
11793 MB 44451 MB
12 82000000 153630966
11808 MB 44245 MB
12 82100000 152862142
11822 MB 44024 MB
12 82200000 152126806
11836 MB 43812 MB
12 82300000 151348649
11851 MB 43588 MB
12 82400000 150552191
11865 MB 43359 MB
12 82500000 149720284
11880 MB 43119 MB
12 82600000 148833984
11894 MB 42864 MB
12 82700000 147928645
11908 MB 42603 MB
12 82800000 147002594
11923 MB 42336 MB
12 82900000 146059166
11937 MB 42065 MB
12 83000000 145058571
11952 MB 41776 MB
12 83100000 144047394
11966 MB 41485 MB
12 83200000 142976308
11980 MB 41177 MB
12 83300000 141865187
11995 MB 40857 MB
12 83400000 140697350
12009 MB 40520 MB
12 83500000 139412519
12024 MB 40150 MB
12 83600000 138153956
12038 MB 39788 MB
12 83700000 136789192
12052 MB 39395 MB
12 83800000 135294266
12067 MB 38964 MB
12 83900000 133899625
12081 MB 38563 MB
12 84000000 132675444
12096 MB 38210 MB
12 84100000 131372338
12110 MB 37835 MB
12 84200000 130054663
12124 MB 37455 MB
12 84300000 128604062
12139 MB 37037 MB
12 84400000 126965474
12153 MB 36566 MB
12 84500000 125418009
12168 MB 36120 MB
12 84600000 123675300
12182 MB 35618 MB
12 84700000 121799698
12196 MB 35078 MB
12 84800000 119899843
12211 MB 34531 MB
12 84900000 117833978
12225 MB 33936 MB
12 85000000 115704635
12240 MB 33322 MB
12 85100000 113109157
12254 MB 32575 MB
12 85200000 110367702
12268 MB 31785 MB
12 85300000 107263136
12283 MB 30891 MB
12 85400000 103525502
12297 MB 29815 MB
12 85500000 99120123
12312 MB 28546 MB
12 85600000 93999375
12326 MB 27071 MB
12 85700000 88566499
12340 MB 25507 MB
12 85800000 81063565
12355 MB 23346 MB
12 85900000 69758918
12369 MB 20090 MB
12 86000000 37557150
12384 MB 10816 MB
13 86100000 25691420
12398 MB 7399 MB
13 86200000 25432996
12412 MB 7324 MB
13 86300000 25158170
12427 MB 7245 MB
13 86400000 24869422
12441 MB 7162 MB
13 86500000 24562927
12456 MB 7074 MB
13 86600000 24235030
12470 MB 6979 MB
13 86700000 23902488
12484 MB 6883 MB
13 86800000 23544747
12499 MB 6780 MB
13 86900000 23153360
12513 MB 6668 MB
13 87000000 22743263
12528 MB 6550 MB
13 87100000 22307973
12542 MB 6424 MB
13 87200000 21834109
12556 MB 6288 MB
13 87300000 21312853
12571 MB 6138 MB
13 87400000 20754018
12585 MB 5977 MB
13 87500000 20124317
12600 MB 5795 MB
13 87600000 19346392
12614 MB 5571 MB
13 87700000 18433032
12628 MB 5308 MB
13 87800000 17476679
12643 MB 5033 MB
13 87900000 16302977
12657 MB 4695 MB
13 88000000 14674695
12672 MB 4226 MB
13 88100000 11808551
12686 MB 3400 MB
88179840
